[2024-02-24T16:29:44.048+0000] {taskinstance.py:1956} INFO - Dependencies all met for dep_context=non-requeueable deps ti=<TaskInstance: api_dag.transform_data_task manual__2024-02-24T16:29:38.996318+00:00 [queued]>
[2024-02-24T16:29:44.057+0000] {taskinstance.py:1956} INFO - Dependencies all met for dep_context=requeueable deps ti=<TaskInstance: api_dag.transform_data_task manual__2024-02-24T16:29:38.996318+00:00 [queued]>
[2024-02-24T16:29:44.058+0000] {taskinstance.py:2170} INFO - Starting attempt 1 of 1
[2024-02-24T16:29:44.070+0000] {taskinstance.py:2191} INFO - Executing <Task(PythonOperator): transform_data_task> on 2024-02-24 16:29:38.996318+00:00
[2024-02-24T16:29:44.075+0000] {standard_task_runner.py:60} INFO - Started process 2762 to run task
[2024-02-24T16:29:44.078+0000] {standard_task_runner.py:87} INFO - Running: ['***', 'tasks', 'run', 'api_dag', 'transform_data_task', 'manual__2024-02-24T16:29:38.996318+00:00', '--job-id', '772', '--raw', '--subdir', 'DAGS_FOLDER/api_dag.py', '--cfg-path', '/tmp/tmp62ovwx17']
[2024-02-24T16:29:44.080+0000] {standard_task_runner.py:88} INFO - Job 772: Subtask transform_data_task
[2024-02-24T16:29:44.122+0000] {task_command.py:423} INFO - Running <TaskInstance: api_dag.transform_data_task manual__2024-02-24T16:29:38.996318+00:00 [running]> on host 614a08523528
[2024-02-24T16:29:44.205+0000] {taskinstance.py:2480} INFO - Exporting env vars: AIRFLOW_CTX_DAG_OWNER='***' AIRFLOW_CTX_DAG_ID='api_dag' AIRFLOW_CTX_TASK_ID='transform_data_task' AIRFLOW_CTX_EXECUTION_DATE='2024-02-24T16:29:38.996318+00:00' AIRFLOW_CTX_TRY_NUMBER='1' AIRFLOW_CTX_DAG_RUN_ID='manual__2024-02-24T16:29:38.996318+00:00'
[2024-02-24T16:29:44.266+0000] {taskinstance.py:2698} ERROR - Task failed with exception
Traceback (most recent call last):
  File "/home/airflow/.local/lib/python3.8/site-packages/airflow/models/taskinstance.py", line 433, in _execute_task
    result = execute_callable(context=context, **execute_callable_kwargs)
  File "/home/airflow/.local/lib/python3.8/site-packages/airflow/operators/python.py", line 199, in execute
    return_value = self.execute_callable()
  File "/home/airflow/.local/lib/python3.8/site-packages/airflow/operators/python.py", line 216, in execute_callable
    return self.python_callable(*self.op_args, **self.op_kwargs)
  File "/opt/airflow/dags/api_dag.py", line 36, in transform_data
    selected_csv2 = df_csv2.loc[:, ['Targa', 'Km (CAN)', None]].rename(columns={'Targa': 'Mezzo', 'Km (CAN)': 'Km Totali (Km)'})
  File "/home/airflow/.local/lib/python3.8/site-packages/pandas/core/indexing.py", line 1097, in __getitem__
    return self._getitem_tuple(key)
  File "/home/airflow/.local/lib/python3.8/site-packages/pandas/core/indexing.py", line 1289, in _getitem_tuple
    return self._getitem_tuple_same_dim(tup)
  File "/home/airflow/.local/lib/python3.8/site-packages/pandas/core/indexing.py", line 955, in _getitem_tuple_same_dim
    retval = getattr(retval, self.name)._getitem_axis(key, axis=i)
  File "/home/airflow/.local/lib/python3.8/site-packages/pandas/core/indexing.py", line 1332, in _getitem_axis
    return self._getitem_iterable(key, axis=axis)
  File "/home/airflow/.local/lib/python3.8/site-packages/pandas/core/indexing.py", line 1272, in _getitem_iterable
    keyarr, indexer = self._get_listlike_indexer(key, axis)
  File "/home/airflow/.local/lib/python3.8/site-packages/pandas/core/indexing.py", line 1462, in _get_listlike_indexer
    keyarr, indexer = ax._get_indexer_strict(key, axis_name)
  File "/home/airflow/.local/lib/python3.8/site-packages/pandas/core/indexes/base.py", line 5877, in _get_indexer_strict
    self._raise_if_missing(keyarr, indexer, axis_name)
  File "/home/airflow/.local/lib/python3.8/site-packages/pandas/core/indexes/base.py", line 5941, in _raise_if_missing
    raise KeyError(f"{not_found} not in index")
KeyError: '[None] not in index'
[2024-02-24T16:29:44.275+0000] {taskinstance.py:1138} INFO - Marking task as FAILED. dag_id=api_dag, task_id=transform_data_task, execution_date=20240224T162938, start_date=20240224T162944, end_date=20240224T162944
[2024-02-24T16:29:44.288+0000] {standard_task_runner.py:107} ERROR - Failed to execute job 772 for task transform_data_task ('[None] not in index'; 2762)
[2024-02-24T16:29:44.332+0000] {local_task_job_runner.py:234} INFO - Task exited with return code 1
[2024-02-24T16:29:44.364+0000] {taskinstance.py:3280} INFO - 0 downstream tasks scheduled from follow-on schedule check
