[2024-02-24T14:59:12.366+0000] {taskinstance.py:1956} INFO - Dependencies all met for dep_context=non-requeueable deps ti=<TaskInstance: api_dag.transform_data_task manual__2024-02-24T14:59:07.013721+00:00 [queued]>
[2024-02-24T14:59:12.375+0000] {taskinstance.py:1956} INFO - Dependencies all met for dep_context=requeueable deps ti=<TaskInstance: api_dag.transform_data_task manual__2024-02-24T14:59:07.013721+00:00 [queued]>
[2024-02-24T14:59:12.375+0000] {taskinstance.py:2170} INFO - Starting attempt 1 of 1
[2024-02-24T14:59:12.389+0000] {taskinstance.py:2191} INFO - Executing <Task(PythonOperator): transform_data_task> on 2024-02-24 14:59:07.013721+00:00
[2024-02-24T14:59:12.396+0000] {standard_task_runner.py:60} INFO - Started process 588 to run task
[2024-02-24T14:59:12.399+0000] {standard_task_runner.py:87} INFO - Running: ['***', 'tasks', 'run', 'api_dag', 'transform_data_task', 'manual__2024-02-24T14:59:07.013721+00:00', '--job-id', '649', '--raw', '--subdir', 'DAGS_FOLDER/api_dag.py', '--cfg-path', '/tmp/tmp7fikykpw']
[2024-02-24T14:59:12.400+0000] {standard_task_runner.py:88} INFO - Job 649: Subtask transform_data_task
[2024-02-24T14:59:12.444+0000] {task_command.py:423} INFO - Running <TaskInstance: api_dag.transform_data_task manual__2024-02-24T14:59:07.013721+00:00 [running]> on host 614a08523528
[2024-02-24T14:59:12.518+0000] {taskinstance.py:2480} INFO - Exporting env vars: AIRFLOW_CTX_DAG_OWNER='***' AIRFLOW_CTX_DAG_ID='api_dag' AIRFLOW_CTX_TASK_ID='transform_data_task' AIRFLOW_CTX_EXECUTION_DATE='2024-02-24T14:59:07.013721+00:00' AIRFLOW_CTX_TRY_NUMBER='1' AIRFLOW_CTX_DAG_RUN_ID='manual__2024-02-24T14:59:07.013721+00:00'
[2024-02-24T14:59:12.565+0000] {taskinstance.py:2698} ERROR - Task failed with exception
Traceback (most recent call last):
  File "/home/airflow/.local/lib/python3.8/site-packages/airflow/models/taskinstance.py", line 433, in _execute_task
    result = execute_callable(context=context, **execute_callable_kwargs)
  File "/home/airflow/.local/lib/python3.8/site-packages/airflow/operators/python.py", line 199, in execute
    return_value = self.execute_callable()
  File "/home/airflow/.local/lib/python3.8/site-packages/airflow/operators/python.py", line 216, in execute_callable
    return self.python_callable(*self.op_args, **self.op_kwargs)
  File "/opt/airflow/dags/api_dag.py", line 25, in transform_data
    selected_csv = df_csv[['kmTotali']]
  File "/home/airflow/.local/lib/python3.8/site-packages/pandas/core/frame.py", line 3767, in __getitem__
    indexer = self.columns._get_indexer_strict(key, "columns")[1]
  File "/home/airflow/.local/lib/python3.8/site-packages/pandas/core/indexes/base.py", line 5877, in _get_indexer_strict
    self._raise_if_missing(keyarr, indexer, axis_name)
  File "/home/airflow/.local/lib/python3.8/site-packages/pandas/core/indexes/base.py", line 5938, in _raise_if_missing
    raise KeyError(f"None of [{key}] are in the [{axis_name}]")
KeyError: "None of [Index(['kmTotali'], dtype='object')] are in the [columns]"
[2024-02-24T14:59:12.577+0000] {taskinstance.py:1138} INFO - Marking task as FAILED. dag_id=api_dag, task_id=transform_data_task, execution_date=20240224T145907, start_date=20240224T145912, end_date=20240224T145912
[2024-02-24T14:59:12.589+0000] {standard_task_runner.py:107} ERROR - Failed to execute job 649 for task transform_data_task ("None of [Index(['kmTotali'], dtype='object')] are in the [columns]"; 588)
[2024-02-24T14:59:12.613+0000] {local_task_job_runner.py:234} INFO - Task exited with return code 1
[2024-02-24T14:59:12.631+0000] {taskinstance.py:3280} INFO - 0 downstream tasks scheduled from follow-on schedule check
